<?xml version="1.0" encoding="UTF-8"?>
<!-- Generated by org.testng.reporters.JUnitReportReporter -->
<testsuite skipped="0" hostname="Fatih" name="com.prestashop.tests.PretaShopPositiveTest" tests="1" failures="0" timestamp="20 Jun 2018 22:46:59 GMT" time="23.088" errors="0">
  <testcase name="correctCredentialsTest" time="23.088" classname="com.prestashop.tests.PretaShopPositiveTest"/>
</testsuite> <!-- com.prestashop.tests.PretaShopPositiveTest -->
