<?xml version="1.0" encoding="UTF-8"?>
<!-- Generated by org.testng.reporters.JUnitReportReporter -->
<testsuite skipped="0" hostname="Fatih" name="com.prestashop.tests.PrestaShopTestNG" tests="4" failures="0" timestamp="20 Jun 2018 17:45:37 GMT" time="40.639" errors="0">
  <testcase name="wrongCredentialsTest" time="8.962" classname="com.prestashop.tests.PrestaShopTestNG"/>
  <testcase name="blankEmailTest" time="8.849" classname="com.prestashop.tests.PrestaShopTestNG"/>
  <testcase name="blankPasswordTest" time="10.142" classname="com.prestashop.tests.PrestaShopTestNG"/>
  <testcase name="invalidEmailTest" time="12.686" classname="com.prestashop.tests.PrestaShopTestNG"/>
</testsuite> <!-- com.prestashop.tests.PrestaShopTestNG -->
